The system is: Windows - 10.0.16299 - AMD64
Compiling the C compiler identification source file "CMakeCCompilerId.c" succeeded.
Compiler: C:/Program Files (x86)/Microsoft Visual Studio/2017/Community/VC/Tools/MSVC/14.12.25827/bin/Hostx86/x86/cl.exe 
Build flags: 
Id flags:  

The output was:
0
Microsoft (R) C/C++ Optimizing Compiler Version 19.12.25834 for x86
Copyright (C) Microsoft Corporation.  All rights reserved.

CMakeCCompilerId.c
Microsoft (R) Incremental Linker Version 14.12.25834.0
Copyright (C) Microsoft Corporation.  All rights reserved.

/out:CMakeCCompilerId.exe 
CMakeCCompilerId.obj 


Compilation of the C compiler identification source "CMakeCCompilerId.c" produced "CMakeCCompilerId.exe"

Compilation of the C compiler identification source "CMakeCCompilerId.c" produced "CMakeCCompilerId.obj"

The C compiler identification is MSVC, found in "C:/Users/edwar/Documents/University/KIT205/Assig 1 KIT205/Assig 1 KIT205/cmake-build-debug/CMakeFiles/3.10.3/CompilerIdC/CMakeCCompilerId.exe"

Determining if the C compiler works passed with the following output:
Change Dir: C:/Users/edwar/Documents/University/KIT205/Assig 1 KIT205/Assig 1 KIT205/cmake-build-debug/CMakeFiles/CMakeTmp

Run Build Command:"nmake" "/NOLOGO" "cmTC_fec5e\fast"
	"C:\Program Files (x86)\Microsoft Visual Studio\2017\Community\VC\Tools\MSVC\14.12.25827\bin\HostX86\x86\nmake.exe" -f CMakeFiles\cmTC_fec5e.dir\build.make /nologo -L                  CMakeFiles\cmTC_fec5e.dir\build
Building C object CMakeFiles/cmTC_fec5e.dir/testCCompiler.c.obj
	C:\PROGRA~2\MICROS~2\2017\COMMUN~1\VC\Tools\MSVC\1412~1.258\bin\Hostx86\x86\cl.exe @C:\Users\edwar\AppData\Local\Temp\nm18F7.tmp
testCCompiler.c
Linking C executable cmTC_fec5e.exe
	"C:\Program Files\JetBrains\CLion 2018.1.1\bin\cmake\bin\cmake.exe" -E vs_link_exe --intdir=CMakeFiles\cmTC_fec5e.dir --manifests  -- C:\PROGRA~2\MICROS~2\2017\COMMUN~1\VC\Tools\MSVC\1412~1.258\bin\Hostx86\x86\link.exe /nologo @CMakeFiles\cmTC_fec5e.dir\objects1.rsp @C:\Users\edwar\AppData\Local\Temp\nm1BD7.tmp


Detecting C compiler ABI info compiled with the following output:
Change Dir: C:/Users/edwar/Documents/University/KIT205/Assig 1 KIT205/Assig 1 KIT205/cmake-build-debug/CMakeFiles/CMakeTmp

Run Build Command:"nmake" "/NOLOGO" "cmTC_a68d7\fast"
	"C:\Program Files (x86)\Microsoft Visual Studio\2017\Community\VC\Tools\MSVC\14.12.25827\bin\HostX86\x86\nmake.exe" -f CMakeFiles\cmTC_a68d7.dir\build.make /nologo -L                  CMakeFiles\cmTC_a68d7.dir\build
Building C object CMakeFiles/cmTC_a68d7.dir/CMakeCCompilerABI.c.obj
	C:\PROGRA~2\MICROS~2\2017\COMMUN~1\VC\Tools\MSVC\1412~1.258\bin\Hostx86\x86\cl.exe @C:\Users\edwar\AppData\Local\Temp\nm2897.tmp
CMakeCCompilerABI.c
Linking C executable cmTC_a68d7.exe
	"C:\Program Files\JetBrains\CLion 2018.1.1\bin\cmake\bin\cmake.exe" -E vs_link_exe --intdir=CMakeFiles\cmTC_a68d7.dir --manifests  -- C:\PROGRA~2\MICROS~2\2017\COMMUN~1\VC\Tools\MSVC\1412~1.258\bin\Hostx86\x86\link.exe /nologo @CMakeFiles\cmTC_a68d7.dir\objects1.rsp @C:\Users\edwar\AppData\Local\Temp\nm2954.tmp


